0 info it worked if it ends with ok
1 verbose cli [ 'C:\\Program Files\\nodejs\\\\node.exe',
1 verbose cli   'C:\\Program Files\\nodejs\\node_modules\\npm\\bin\\npm-cli.js',
1 verbose cli   'install',
1 verbose cli   'clappr-youtube-playback' ]
2 info using npm@1.4.3
3 info using node@v0.10.26
4 verbose node symlink C:\Program Files\nodejs\\node.exe
5 verbose readDependencies using package.json deps
6 verbose cache add [ 'clappr-youtube-playback', null ]
7 verbose cache add name=undefined spec="clappr-youtube-playback" args=["clappr-youtube-playback",null]
8 verbose parsed url { protocol: null,
8 verbose parsed url   slashes: null,
8 verbose parsed url   auth: null,
8 verbose parsed url   host: null,
8 verbose parsed url   port: null,
8 verbose parsed url   hostname: null,
8 verbose parsed url   hash: null,
8 verbose parsed url   search: null,
8 verbose parsed url   query: null,
8 verbose parsed url   pathname: 'clappr-youtube-playback',
8 verbose parsed url   path: 'clappr-youtube-playback',
8 verbose parsed url   href: 'clappr-youtube-playback' }
9 silly lockFile 6ef51b70-clappr-youtube-playback clappr-youtube-playback
10 verbose lock clappr-youtube-playback C:\Users\dcroitor\AppData\Roaming\npm-cache\6ef51b70-clappr-youtube-playback.lock
11 silly lockFile 6ef51b70-clappr-youtube-playback clappr-youtube-playback
12 silly lockFile 6ef51b70-clappr-youtube-playback clappr-youtube-playback
13 verbose addNamed [ 'clappr-youtube-playback', '' ]
14 verbose addNamed [ null, '*' ]
15 silly lockFile b626b374-clappr-youtube-playback clappr-youtube-playback@
16 verbose lock clappr-youtube-playback@ C:\Users\dcroitor\AppData\Roaming\npm-cache\b626b374-clappr-youtube-playback.lock
17 silly addNameRange { name: 'clappr-youtube-playback', range: '*', hasData: false }
18 verbose url raw clappr-youtube-playback
19 verbose url resolving [ 'https://registry.npmjs.org/', './clappr-youtube-playback' ]
20 verbose url resolved https://registry.npmjs.org/clappr-youtube-playback
21 info trying registry request attempt 1 at 17:39:36
22 http GET https://registry.npmjs.org/clappr-youtube-playback
23 http 404 https://registry.npmjs.org/clappr-youtube-playback
24 silly registry.get cb [ 404,
24 silly registry.get   { server: 'CouchDB/1.5.0 (Erlang OTP/R16B03)',
24 silly registry.get     'content-type': 'application/json',
24 silly registry.get     'cache-control': 'max-age=0',
24 silly registry.get     'content-length': '51',
24 silly registry.get     'accept-ranges': 'bytes',
24 silly registry.get     date: 'Thu, 28 May 2015 14:39:36 GMT',
24 silly registry.get     via: '1.1 varnish',
24 silly registry.get     age: '0',
24 silly registry.get     connection: 'keep-alive',
24 silly registry.get     'x-served-by': 'cache-ams4128-AMS',
24 silly registry.get     'x-cache': 'MISS',
24 silly registry.get     'x-cache-hits': '0',
24 silly registry.get     'x-timer': 'S1432823976.806048,VS0,VE159' } ]
25 silly lockFile b626b374-clappr-youtube-playback clappr-youtube-playback@
26 silly lockFile b626b374-clappr-youtube-playback clappr-youtube-playback@
27 error 404 'clappr-youtube-playback' is not in the npm registry.
27 error 404 You should bug the author to publish it
27 error 404 It was specified as a dependency of 'react-router-reflux'
27 error 404
27 error 404 Note that you can also install from a
27 error 404 tarball, folder, or http url, or git url.
28 error System Windows_NT 6.2.9200
29 error command "C:\\Program Files\\nodejs\\\\node.exe" "C:\\Program Files\\nodejs\\node_modules\\npm\\bin\\npm-cli.js" "install" "clappr-youtube-playback"
30 error cwd e:\wsp\js-test\xfin
31 error node -v v0.10.26
32 error npm -v 1.4.3
33 error code E404
34 verbose exit [ 1, true ]
